{"total": {"lines":{"total":288,"covered":247,"skipped":0,"pct":85.76},"statements":{"total":317,"covered":270,"skipped":0,"pct":85.17},"functions":{"total":99,"covered":86,"skipped":0,"pct":86.86},"branches":{"total":165,"covered":125,"skipped":0,"pct":75.75},"branchesTrue":{"total":0,"covered":0,"skipped":0,"pct":100}}
,"C:\\Users\\20184558\\gamebus-lunch-dnd-v2\\src\\hooks\\useLunchSelection.ts": {"lines":{"total":106,"covered":94,"skipped":0,"pct":88.67},"functions":{"total":33,"covered":29,"skipped":0,"pct":87.87},"statements":{"total":118,"covered":102,"skipped":0,"pct":86.44},"branches":{"total":53,"covered":34,"skipped":0,"pct":64.15}}
,"C:\\Users\\20184558\\gamebus-lunch-dnd-v2\\src\\repositories\\declarationRepository.ts": {"lines":{"total":30,"covered":24,"skipped":0,"pct":80},"functions":{"total":5,"covered":4,"skipped":0,"pct":80},"statements":{"total":31,"covered":25,"skipped":0,"pct":80.64},"branches":{"total":28,"covered":17,"skipped":0,"pct":60.71}}
,"C:\\Users\\20184558\\gamebus-lunch-dnd-v2\\src\\services\\menuResolver.ts": {"lines":{"total":40,"covered":39,"skipped":0,"pct":97.5},"functions":{"total":16,"covered":16,"skipped":0,"pct":100},"statements":{"total":46,"covered":44,"skipped":0,"pct":95.65},"branches":{"total":24,"covered":21,"skipped":0,"pct":87.5}}
,"C:\\Users\\20184558\\gamebus-lunch-dnd-v2\\src\\services\\submissionWindow.ts": {"lines":{"total":43,"covered":38,"skipped":0,"pct":88.37},"functions":{"total":13,"covered":11,"skipped":0,"pct":84.61},"statements":{"total":45,"covered":39,"skipped":0,"pct":86.66},"branches":{"total":20,"covered":18,"skipped":0,"pct":90}}
,"C:\\Users\\20184558\\gamebus-lunch-dnd-v2\\src\\utils\\dates.ts": {"lines":{"total":15,"covered":2,"skipped":0,"pct":13.33},"functions":{"total":6,"covered":1,"skipped":0,"pct":16.66},"statements":{"total":15,"covered":2,"skipped":0,"pct":13.33},"branches":{"total":0,"covered":0,"skipped":0,"pct":100}}
,"C:\\Users\\20184558\\gamebus-lunch-dnd-v2\\src\\utils\\declaration.ts": {"lines":{"total":27,"covered":24,"skipped":0,"pct":88.88},"functions":{"total":10,"covered":10,"skipped":0,"pct":100},"statements":{"total":30,"covered":27,"skipped":0,"pct":90},"branches":{"total":20,"covered":15,"skipped":0,"pct":75}}
,"C:\\Users\\20184558\\gamebus-lunch-dnd-v2\\src\\utils\\declarationSelection.ts": {"lines":{"total":15,"covered":15,"skipped":0,"pct":100},"functions":{"total":9,"covered":9,"skipped":0,"pct":100},"statements":{"total":20,"covered":20,"skipped":0,"pct":100},"branches":{"total":14,"covered":14,"skipped":0,"pct":100}}
,"C:\\Users\\20184558\\gamebus-lunch-dnd-v2\\src\\utils\\points.ts": {"lines":{"total":12,"covered":11,"skipped":0,"pct":91.66},"functions":{"total":7,"covered":6,"skipped":0,"pct":85.71},"statements":{"total":12,"covered":11,"skipped":0,"pct":91.66},"branches":{"total":6,"covered":6,"skipped":0,"pct":100}}
,"C:\\Users\\20184558\\gamebus-lunch-dnd-v2\\src\\utils\\storage.ts": {"lines":{"total":0,"covered":0,"skipped":0,"pct":100},"functions":{"total":0,"covered":0,"skipped":0,"pct":100},"statements":{"total":0,"covered":0,"skipped":0,"pct":100},"branches":{"total":0,"covered":0,"skipped":0,"pct":100}}
}
